#
# There is insufficient memory for the Java Runtime Environment to continue.
# Native memory allocation (malloc) failed to allocate 32744 bytes for ChunkPool::allocate
# Possible reasons:
#   The system is out of physical RAM or swap space
#   In 32 bit mode, the process size limit was hit
# Possible solutions:
#   Reduce memory load on the system
#   Increase physical memory or swap space
#   Check if swap backing store is full
#   Use 64 bit Java on a 64 bit OS
#   Decrease Java heap size (-Xmx/-Xms)
#   Decrease number of Java threads
#   Decrease Java thread stack sizes (-Xss)
#   Set larger code cache with -XX:ReservedCodeCacheSize=
# This output file may be truncated or incomplete.
#
#  Out of Memory Error (allocation.cpp:273), pid=27660, tid=0x000000000000810c
#
# JRE version: Java(TM) SE Runtime Environment (8.0_121-b13) (build 1.8.0_121-b13)
# Java VM: Java HotSpot(TM) 64-Bit Server VM (25.121-b13 mixed mode windows-amd64 compressed oops)
# Failed to write core dump. Minidumps are not enabled by default on client versions of Windows
#

---------------  T H R E A D  ---------------

Current thread (0x00000000191c8800):  JavaThread "C1 CompilerThread2" daemon [_thread_in_native, id=33036, stack(0x00000000195c0000,0x00000000196c0000)]

Stack: [0x00000000195c0000,0x00000000196c0000]
[error occurred during error reporting (printing stack bounds), id 0xc0000005]

Native frames: (J=compiled Java code, j=interpreted, Vv=VM code, C=native code)


Current CompileTask:
C1:   7255 4277   !   1       org.springframework.beans.factory.support.ConstructorResolver::instantiateUsingFactoryMethod (1426 bytes)


---------------  P R O C E S S  ---------------

Java Threads: ( => current thread )
  0x000000001bed1000 JavaThread "container-0" [_thread_blocked, id=22580, stack(0x000000001d7d0000,0x000000001d8d0000)]
  0x000000001bed4000 JavaThread "ContainerBackgroundProcessor[StandardEngine[Tomcat]]" daemon [_thread_blocked, id=21240, stack(0x000000001d6d0000,0x000000001d7d0000)]
  0x000000001bed0000 JavaThread "SimplePauseDetectorThread_0" daemon [_thread_blocked, id=38052, stack(0x000000001d1d0000,0x000000001d2d0000)]
  0x000000001bec7800 JavaThread "Thread-5" daemon [_thread_blocked, id=16388, stack(0x000000001d0d0000,0x000000001d1d0000)]
  0x000000001bd9f000 JavaThread "localhost-startStop-1" daemon [_thread_blocked, id=14148, stack(0x000000001cdd0000,0x000000001ced0000)]
  0x000000001bd9e800 JavaThread "Tomcat-startStop-1" daemon [_thread_blocked, id=27352, stack(0x000000001ccd0000,0x000000001cdd0000)]
  0x0000000019acd800 JavaThread "JMX server connection timeout 17" daemon [_thread_blocked, id=12904, stack(0x000000001ab00000,0x000000001ac00000)]
  0x0000000019aa3000 JavaThread "RMI TCP Connection(2)-127.0.0.1" daemon [_thread_in_native, id=8360, stack(0x000000001aa00000,0x000000001ab00000)]
  0x00000000199f2800 JavaThread "RMI Scheduler(0)" daemon [_thread_blocked, id=31176, stack(0x000000001a700000,0x000000001a800000)]
  0x00000000199f8800 JavaThread "RMI TCP Connection(1)-127.0.0.1" daemon [_thread_in_native, id=19948, stack(0x000000001a600000,0x000000001a700000)]
  0x0000000019947800 JavaThread "RMI TCP Accept-0" daemon [_thread_in_native, id=36204, stack(0x000000001a1c0000,0x000000001a2c0000)]
  0x0000000019945800 JavaThread "RMI TCP Accept-64643" daemon [_thread_in_native, id=14764, stack(0x000000001a0c0000,0x000000001a1c0000)]
  0x000000001992d800 JavaThread "RMI TCP Accept-0" daemon [_thread_in_native, id=35292, stack(0x0000000019fc0000,0x000000001a0c0000)]
  0x00000000191e2000 JavaThread "Service Thread" daemon [_thread_blocked, id=34848, stack(0x00000000196c0000,0x00000000197c0000)]
=>0x00000000191c8800 JavaThread "C1 CompilerThread2" daemon [_thread_in_native, id=33036, stack(0x00000000195c0000,0x00000000196c0000)]
  0x00000000179c8000 JavaThread "C2 CompilerThread1" daemon [_thread_blocked, id=22096, stack(0x00000000190c0000,0x00000000191c0000)]
  0x0000000017973000 JavaThread "C2 CompilerThread0" daemon [_thread_blocked, id=36512, stack(0x0000000018fc0000,0x00000000190c0000)]
  0x0000000017972000 JavaThread "Attach Listener" daemon [_thread_blocked, id=11688, stack(0x0000000018ec0000,0x0000000018fc0000)]
  0x000000001796f000 JavaThread "Signal Dispatcher" daemon [_thread_blocked, id=38532, stack(0x0000000018dc0000,0x0000000018ec0000)]
  0x000000001795a000 JavaThread "Finalizer" daemon [_thread_blocked, id=34036, stack(0x0000000018bd0000,0x0000000018cd0000)]
  0x0000000017939000 JavaThread "Reference Handler" daemon [_thread_blocked, id=1828, stack(0x0000000018ad0000,0x0000000018bd0000)]
  0x0000000002b94800 JavaThread "main" [_thread_in_native, id=26576, stack(0x0000000002a30000,0x0000000002b30000)]

Other Threads:
  0x0000000017937800 VMThread [stack: 0x00000000189d0000,0x0000000018ad0000] [id=11504]
  0x0000000019949800 WatcherThread [stack: 0x000000001a2c0000,0x000000001a3c0000] [id=27328]

VM state:not at safepoint (normal execution)

VM Mutex/Monitor currently owned by a thread: None

Heap:
 PSYoungGen      total 127488K, used 84277K [0x00000000d5580000, 0x00000000dde00000, 0x0000000100000000)
  eden space 118272K, 71% used [0x00000000d5580000,0x00000000da7cd770,0x00000000dc900000)
  from space 9216K, 0% used [0x00000000dd400000,0x00000000dd400000,0x00000000ddd00000)
  to   space 10752K, 0% used [0x00000000dc900000,0x00000000dc900000,0x00000000dd380000)
 ParOldGen       total 84480K, used 23682K [0x0000000080000000, 0x0000000085280000, 0x00000000d5580000)
  object space 84480K, 28% used [0x0000000080000000,0x0000000081720b48,0x0000000085280000)
 Metaspace       used 34995K, capacity 36770K, committed 36992K, reserved 1081344K
  class space    used 4889K, capacity 5232K, committed 5248K, reserved 1048576K

Card table byte_map: [0x0000000012110000,0x0000000012520000] byte_map_base: 0x0000000011d10000

Marking Bits: (ParMarkBitMap*) 0x00000000580cb6d0
 Begin Bits: [0x0000000012bd0000, 0x0000000014bd0000)
 End Bits:   [0x0000000014bd0000, 0x0000000016bd0000)

Polling page: 0x0000000002b30000

CodeCache: size=245760Kb used=8598Kb max_used=8598Kb free=237161Kb
 bounds [0x0000000002d50000, 0x00000000035c0000, 0x0000000011d50000]
 total_blobs=4715 nmethods=4275 adapters=353
 compilation: enabled

Compilation events (10 events):
Event: 7.231 Thread 0x00000000191c8800 nmethod 4272 0x00000000035b3b10 code [0x00000000035b3c80, 0x00000000035b3e68]
Event: 7.232 Thread 0x00000000191c8800 4273       1       org.springframework.core.ResolvableType::getGeneric (90 bytes)
Event: 7.232 Thread 0x00000000191c8800 nmethod 4273 0x00000000035b3f90 code [0x00000000035b4120, 0x00000000035b4378]
Event: 7.232 Thread 0x00000000191c8800 4274   !   1       sun.reflect.GeneratedConstructorAccessor4::newInstance (53 bytes)
Event: 7.232 Thread 0x00000000191c8800 nmethod 4274 0x00000000035b4510 code [0x00000000035b46e0, 0x00000000035b4be8]
Event: 7.238 Thread 0x00000000191c8800 4275       1       sun.reflect.generics.tree.BottomSignature::make (4 bytes)
Event: 7.239 Thread 0x00000000191c8800 nmethod 4275 0x00000000035b5090 code [0x00000000035b51e0, 0x00000000035b52d0]
Event: 7.239 Thread 0x00000000191c8800 4276       1       sun.reflect.generics.scope.AbstractScope::lookup (66 bytes)
Event: 7.239 Thread 0x00000000191c8800 nmethod 4276 0x00000000035b5310 code [0x00000000035b54c0, 0x00000000035b5768]
Event: 7.241 Thread 0x00000000191c8800 4277   !   1       org.springframework.beans.factory.support.ConstructorResolver::instantiateUsingFactoryMethod (1426 bytes)

GC Heap History (10 events):
Event: 3.239 GC heap before
{Heap before GC invocations=6 (full 1):
 PSYoungGen      total 71680K, used 66560K [0x00000000d5580000, 0x00000000da080000, 0x0000000100000000)
  eden space 66560K, 100% used [0x00000000d5580000,0x00000000d9680000,0x00000000d9680000)
  from space 5120K, 0% used [0x00000000d9b80000,0x00000000d9b80000,0x00000000da080000)
  to   space 5120K, 0% used [0x00000000d9680000,0x00000000d9680000,0x00000000d9b80000)
 ParOldGen       total 49664K, used 5934K [0x0000000080000000, 0x0000000083080000, 0x00000000d5580000)
  object space 49664K, 11% used [0x0000000080000000,0x00000000805cb9d8,0x0000000083080000)
 Metaspace       used 23054K, capacity 24004K, committed 24192K, reserved 1071104K
  class space    used 3184K, capacity 3419K, committed 3456K, reserved 1048576K
Event: 3.251 GC heap after
Heap after GC invocations=6 (full 1):
 PSYoungGen      total 71680K, used 5108K [0x00000000d5580000, 0x00000000ddd00000, 0x0000000100000000)
  eden space 66560K, 0% used [0x00000000d5580000,0x00000000d5580000,0x00000000d9680000)
  from space 5120K, 99% used [0x00000000d9680000,0x00000000d9b7d3d8,0x00000000d9b80000)
  to   space 9216K, 0% used [0x00000000dd400000,0x00000000dd400000,0x00000000ddd00000)
 ParOldGen       total 49664K, used 6763K [0x0000000080000000, 0x0000000083080000, 0x00000000d5580000)
  object space 49664K, 13% used [0x0000000080000000,0x000000008069afb8,0x0000000083080000)
 Metaspace       used 23054K, capacity 24004K, committed 24192K, reserved 1071104K
  class space    used 3184K, capacity 3419K, committed 3456K, reserved 1048576K
}
Event: 3.938 GC heap before
{Heap before GC invocations=7 (full 1):
 PSYoungGen      total 71680K, used 71668K [0x00000000d5580000, 0x00000000ddd00000, 0x0000000100000000)
  eden space 66560K, 100% used [0x00000000d5580000,0x00000000d9680000,0x00000000d9680000)
  from space 5120K, 99% used [0x00000000d9680000,0x00000000d9b7d3d8,0x00000000d9b80000)
  to   space 9216K, 0% used [0x00000000dd400000,0x00000000dd400000,0x00000000ddd00000)
 ParOldGen       total 49664K, used 6763K [0x0000000080000000, 0x0000000083080000, 0x00000000d5580000)
  object space 49664K, 13% used [0x0000000080000000,0x000000008069afb8,0x0000000083080000)
 Metaspace       used 26342K, capacity 27324K, committed 27520K, reserved 1073152K
  class space    used 3643K, capacity 3887K, committed 3968K, reserved 1048576K
Event: 3.951 GC heap after
Heap after GC invocations=7 (full 1):
 PSYoungGen      total 127488K, used 9205K [0x00000000d5580000, 0x00000000dde00000, 0x0000000100000000)
  eden space 118272K, 0% used [0x00000000d5580000,0x00000000d5580000,0x00000000dc900000)
  from space 9216K, 99% used [0x00000000dd400000,0x00000000ddcfd7c8,0x00000000ddd00000)
  to   space 10752K, 0% used [0x00000000dc900000,0x00000000dc900000,0x00000000dd380000)
 ParOldGen       total 49664K, used 7011K [0x0000000080000000, 0x0000000083080000, 0x00000000d5580000)
  object space 49664K, 14% used [0x0000000080000000,0x00000000806d8d70,0x0000000083080000)
 Metaspace       used 26342K, capacity 27324K, committed 27520K, reserved 1073152K
  class space    used 3643K, capacity 3887K, committed 3968K, reserved 1048576K
}
Event: 5.751 GC heap before
{Heap before GC invocations=8 (full 1):
 PSYoungGen      total 127488K, used 127477K [0x00000000d5580000, 0x00000000dde00000, 0x0000000100000000)
  eden space 118272K, 100% used [0x00000000d5580000,0x00000000dc900000,0x00000000dc900000)
  from space 9216K, 99% used [0x00000000dd400000,0x00000000ddcfd7c8,0x00000000ddd00000)
  to   space 10752K, 0% used [0x00000000dc900000,0x00000000dc900000,0x00000000dd380000)
 ParOldGen       total 49664K, used 7011K [0x0000000080000000, 0x0000000083080000, 0x00000000d5580000)
  object space 49664K, 14% used [0x0000000080000000,0x00000000806d8d70,0x0000000083080000)
 Metaspace       used 31231K, capacity 32824K, committed 33152K, reserved 1077248K
  class space    used 4335K, capacity 4663K, committed 4736K, reserved 1048576K
Event: 5.774 GC heap after
Heap after GC invocations=8 (full 1):
 PSYoungGen      total 129024K, used 10735K [0x00000000d5580000, 0x00000000dde00000, 0x0000000100000000)
  eden space 118272K, 0% used [0x00000000d5580000,0x00000000d5580000,0x00000000dc900000)
  from space 10752K, 99% used [0x00000000dc900000,0x00000000dd37bc70,0x00000000dd380000)
  to   space 9216K, 0% used [0x00000000dd400000,0x00000000dd400000,0x00000000ddd00000)
 ParOldGen       total 49664K, used 14788K [0x0000000080000000, 0x0000000083080000, 0x00000000d5580000)
  object space 49664K, 29% used [0x0000000080000000,0x0000000080e71040,0x0000000083080000)
 Metaspace       used 31231K, capacity 32824K, committed 33152K, reserved 1077248K
  class space    used 4335K, capacity 4663K, committed 4736K, reserved 1048576K
}
Event: 6.342 GC heap before
{Heap before GC invocations=9 (full 1):
 PSYoungGen      total 129024K, used 46844K [0x00000000d5580000, 0x00000000dde00000, 0x0000000100000000)
  eden space 118272K, 30% used [0x00000000d5580000,0x00000000d78c35c0,0x00000000dc900000)
  from space 10752K, 99% used [0x00000000dc900000,0x00000000dd37bc70,0x00000000dd380000)
  to   space 9216K, 0% used [0x00000000dd400000,0x00000000dd400000,0x00000000ddd00000)
 ParOldGen       total 49664K, used 14788K [0x0000000080000000, 0x0000000083080000, 0x00000000d5580000)
  object space 49664K, 29% used [0x0000000080000000,0x0000000080e71040,0x0000000083080000)
 Metaspace       used 33500K, capacity 35250K, committed 35416K, reserved 1079296K
  class space    used 4666K, capacity 5014K, committed 5120K, reserved 1048576K
Event: 6.361 GC heap after
Heap after GC invocations=9 (full 1):
 PSYoungGen      total 127488K, used 9200K [0x00000000d5580000, 0x00000000dde00000, 0x0000000100000000)
  eden space 118272K, 0% used [0x00000000d5580000,0x00000000d5580000,0x00000000dc900000)
  from space 9216K, 99% used [0x00000000dd400000,0x00000000ddcfc030,0x00000000ddd00000)
  to   space 10752K, 0% used [0x00000000dc900000,0x00000000dc900000,0x00000000dd380000)
 ParOldGen       total 49664K, used 19477K [0x0000000080000000, 0x0000000083080000, 0x00000000d5580000)
  object space 49664K, 39% used [0x0000000080000000,0x0000000081305500,0x0000000083080000)
 Metaspace       used 33500K, capacity 35250K, committed 35416K, reserved 1079296K
  class space    used 4666K, capacity 5014K, committed 5120K, reserved 1048576K
}
Event: 6.361 GC heap before
{Heap before GC invocations=10 (full 2):
 PSYoungGen      total 127488K, used 9200K [0x00000000d5580000, 0x00000000dde00000, 0x0000000100000000)
  eden space 118272K, 0% used [0x00000000d5580000,0x00000000d5580000,0x00000000dc900000)
  from space 9216K, 99% used [0x00000000dd400000,0x00000000ddcfc030,0x00000000ddd00000)
  to   space 10752K, 0% used [0x00000000dc900000,0x00000000dc900000,0x00000000dd380000)
 ParOldGen       total 49664K, used 19477K [0x0000000080000000, 0x0000000083080000, 0x00000000d5580000)
  object space 49664K, 39% used [0x0000000080000000,0x0000000081305500,0x0000000083080000)
 Metaspace       used 33500K, capacity 35250K, committed 35416K, reserved 1079296K
  class space    used 4666K, capacity 5014K, committed 5120K, reserved 1048576K
Event: 6.465 GC heap after
Heap after GC invocations=10 (full 2):
 PSYoungGen      total 127488K, used 0K [0x00000000d5580000, 0x00000000dde00000, 0x0000000100000000)
  eden space 118272K, 0% used [0x00000000d5580000,0x00000000d5580000,0x00000000dc900000)
  from space 9216K, 0% used [0x00000000dd400000,0x00000000dd400000,0x00000000ddd00000)
  to   space 10752K, 0% used [0x00000000dc900000,0x00000000dc900000,0x00000000dd380000)
 ParOldGen       total 84480K, used 23682K [0x0000000080000000, 0x0000000085280000, 0x00000000d5580000)
  object space 84480K, 28% used [0x0000000080000000,0x0000000081720b48,0x0000000085280000)
 Metaspace       used 33500K, capacity 35250K, committed 35416K, reserved 1079296K
  class space    used 4666K, capacity 5014K, committed 5120K, reserved 1048576K
}

Deoptimization events (0 events):
No events

Internal exceptions (10 events):
Event: 7.240 Thread 0x0000000002b94800 Exception <a 'java/lang/ArrayIndexOutOfBoundsException'> (0x00000000da4e5be0) thrown at [C:\re\workspace\8-2-build-windows-amd64-cygwin\jdk8u121\8372\hotspot\src\share\vm\runtime\sharedRuntime.cpp, line 605]
Event: 7.240 Thread 0x0000000002b94800 Exception <a 'java/lang/ArrayIndexOutOfBoundsException'> (0x00000000da4e8100) thrown at [C:\re\workspace\8-2-build-windows-amd64-cygwin\jdk8u121\8372\hotspot\src\share\vm\runtime\sharedRuntime.cpp, line 605]
Event: 7.241 Thread 0x0000000002b94800 Exception <a 'java/lang/ClassNotFoundException': org/springframework/context/EmbeddedValueResolverAwareCustomizer> (0x00000000da4fae58) thrown at [C:\re\workspace\8-2-build-windows-amd64-cygwin\jdk8u121\8372\hotspot\src\share\vm\classfile\systemDictionary
Event: 7.241 Thread 0x0000000002b94800 Exception <a 'java/lang/ClassNotFoundException': org/springframework/core/convert/support/ConfigurableConversionServiceCustomizer> (0x00000000da510e68) thrown at [C:\re\workspace\8-2-build-windows-amd64-cygwin\jdk8u121\8372\hotspot\src\share\vm\classfile\
Event: 7.244 Thread 0x0000000002b94800 Exception <a 'java/lang/ClassNotFoundException': java/lang/ObjectCustomizer> (0x00000000da52e0c0) thrown at [C:\re\workspace\8-2-build-windows-amd64-cygwin\jdk8u121\8372\hotspot\src\share\vm\classfile\systemDictionary.cpp, line 210]
Event: 7.245 Thread 0x0000000002b94800 Exception <a 'java/lang/ClassNotFoundException': org/springframework/boot/autoconfigure/validation/ValidatorAdapterCustomizer> (0x00000000da5458c8) thrown at [C:\re\workspace\8-2-build-windows-amd64-cygwin\jdk8u121\8372\hotspot\src\share\vm\classfile\syst
Event: 7.245 Thread 0x0000000002b94800 Exception <a 'java/lang/ArrayIndexOutOfBoundsException'> (0x00000000da54ae28) thrown at [C:\re\workspace\8-2-build-windows-amd64-cygwin\jdk8u121\8372\hotspot\src\share\vm\runtime\sharedRuntime.cpp, line 605]
Event: 7.246 Thread 0x0000000002b94800 Exception <a 'java/lang/ClassNotFoundException': org/springframework/validation/SmartValidatorCustomizer> (0x00000000da55f7f8) thrown at [C:\re\workspace\8-2-build-windows-amd64-cygwin\jdk8u121\8372\hotspot\src\share\vm\classfile\systemDictionary.cpp, lin
Event: 7.246 Thread 0x0000000002b94800 Exception <a 'java/lang/ClassNotFoundException': org/springframework/context/ApplicationContextAwareCustomizer> (0x00000000da571b30) thrown at [C:\re\workspace\8-2-build-windows-amd64-cygwin\jdk8u121\8372\hotspot\src\share\vm\classfile\systemDictionary.cp
Event: 7.246 Thread 0x0000000002b94800 Exception <a 'java/lang/ClassNotFoundException': org/springframework/beans/factory/InitializingBeanCustomizer> (0x00000000da583f28) thrown at [C:\re\workspace\8-2-build-windows-amd64-cygwin\jdk8u121\8372\hotspot\src\share\vm\classfile\systemDictionary.cpp

Events (10 events):
Event: 7.246 loading class org/springframework/beans/factory/InitializingBeanCustomizer
Event: 7.246 loading class org/springframework/beans/factory/InitializingBeanCustomizer done
Event: 7.246 Executing VM operation: RevokeBias
Event: 7.246 Executing VM operation: RevokeBias done
Event: 7.246 Executing VM operation: RevokeBias
Event: 7.247 Executing VM operation: RevokeBias done
Event: 7.247 loading class org/springframework/beans/factory/DisposableBeanCustomizer
Event: 7.247 loading class org/springframework/beans/factory/DisposableBeanCustomizer done
Event: 7.247 loading class org/springframework/beans/factory/DisposableBeanCustomizer
Event: 7.247 loading class org/springframework/beans/factory/DisposableBeanCustomizer done


Dynamic libraries:
0x00007ff77bff0000 - 0x00007ff77c027000 	C:\Program Files\Java\jre1.8.0_121\bin\javaw.exe
0x00007ffc7db40000 - 0x00007ffc7dd21000 	C:\WINDOWS\SYSTEM32\ntdll.dll
0x00007ffc7bac0000 - 0x00007ffc7bb72000 	C:\WINDOWS\System32\KERNEL32.DLL
0x00007ffc7a010000 - 0x00007ffc7a283000 	C:\WINDOWS\System32\KERNELBASE.dll
0x00007ffc7b9e0000 - 0x00007ffc7ba81000 	C:\WINDOWS\System32\ADVAPI32.dll
0x00007ffc7b620000 - 0x00007ffc7b6be000 	C:\WINDOWS\System32\msvcrt.dll
0x00007ffc7daa0000 - 0x00007ffc7dafb000 	C:\WINDOWS\System32\sechost.dll
0x00007ffc7b720000 - 0x00007ffc7b844000 	C:\WINDOWS\System32\RPCRT4.dll
0x00007ffc7b850000 - 0x00007ffc7b9e0000 	C:\WINDOWS\System32\USER32.dll
0x00007ffc7a2e0000 - 0x00007ffc7a300000 	C:\WINDOWS\System32\win32u.dll
0x00007ffc7b470000 - 0x00007ffc7b498000 	C:\WINDOWS\System32\GDI32.dll
0x00007ffc7aaf0000 - 0x00007ffc7ac82000 	C:\WINDOWS\System32\gdi32full.dll
0x00007ffc7af30000 - 0x00007ffc7afcf000 	C:\WINDOWS\System32\msvcp_win.dll
0x00007ffc79f10000 - 0x00007ffc7a00a000 	C:\WINDOWS\System32\ucrtbase.dll
0x00007ffc780e0000 - 0x00007ffc78349000 	C:\WINDOWS\WinSxS\amd64_microsoft.windows.common-controls_6595b64144ccf1df_6.0.17134.407_none_fb449d63306391e9\COMCTL32.dll
0x00007ffc7c130000 - 0x00007ffc7c452000 	C:\WINDOWS\System32\combase.dll
0x00007ffc7aa70000 - 0x00007ffc7aaea000 	C:\WINDOWS\System32\bcryptPrimitives.dll
0x00007ffc7ba90000 - 0x00007ffc7babd000 	C:\WINDOWS\System32\IMM32.DLL
0x00007ffc79cf0000 - 0x00007ffc79d4d000 	C:\Program Files\Citrix\System32\MfApHook64.dll
0x00007ffc79640000 - 0x00007ffc7966b000 	C:\Program Files\Citrix\ICAService\CtxDodHook64.dll
0x00007ffc79c10000 - 0x00007ffc79c42000 	C:\Program Files\Citrix\ICAService\picaFullScreenHookX64.dll
0x00007ffc795f0000 - 0x00007ffc7963e000 	C:\Program Files\Citrix\ICAService\ShellHook64.dll
0x00007ffc7c460000 - 0x00007ffc7d89f000 	C:\WINDOWS\System32\SHELL32.dll
0x00007ffc7a290000 - 0x00007ffc7a2d9000 	C:\WINDOWS\System32\cfgmgr32.dll
0x00007ffc7d9e0000 - 0x00007ffc7da89000 	C:\WINDOWS\System32\shcore.dll
0x00007ffc7a360000 - 0x00007ffc7aa6d000 	C:\WINDOWS\System32\windows.storage.dll
0x00007ffc7b2b0000 - 0x00007ffc7b301000 	C:\WINDOWS\System32\shlwapi.dll
0x00007ffc79ea0000 - 0x00007ffc79eb1000 	C:\WINDOWS\System32\kernel.appcore.dll
0x00007ffc79ec0000 - 0x00007ffc79edf000 	C:\WINDOWS\System32\profapi.dll
0x00007ffc79e50000 - 0x00007ffc79e9c000 	C:\WINDOWS\System32\powrprof.dll
0x00007ffc79f00000 - 0x00007ffc79f0a000 	C:\WINDOWS\System32\FLTLIB.DLL
0x00007ffc79450000 - 0x00007ffc795cc000 	C:\Program Files\Citrix\ICAService\SCardHook64.dll
0x00007ffc79420000 - 0x00007ffc7944a000 	C:\Program Files\Citrix\ICAService\cxinjime64.dll
0x00007ffc79360000 - 0x00007ffc793a8000 	C:\Program Files\Citrix\ICAService\PicaWtsHook64.dll
0x0000000058360000 - 0x0000000058432000 	C:\Program Files\Java\jre1.8.0_121\bin\msvcr100.dll
0x00000000578b0000 - 0x000000005814b000 	C:\Program Files\Java\jre1.8.0_121\bin\server\jvm.dll
0x00007ffc7b310000 - 0x00007ffc7b318000 	C:\WINDOWS\System32\PSAPI.DLL
0x00007ffc685a0000 - 0x00007ffc685a9000 	C:\WINDOWS\SYSTEM32\WSOCK32.dll
0x00007ffc7d8a0000 - 0x00007ffc7d90c000 	C:\WINDOWS\System32\WS2_32.dll
0x00007ffc73440000 - 0x00007ffc73463000 	C:\WINDOWS\SYSTEM32\WINMM.dll
0x00007ffc73410000 - 0x00007ffc7343a000 	C:\WINDOWS\SYSTEM32\WINMMBASE.dll
0x00007ffc79b00000 - 0x00007ffc79b0a000 	C:\WINDOWS\SYSTEM32\VERSION.dll
0x0000000058aa0000 - 0x0000000058aaf000 	C:\Program Files\Java\jre1.8.0_121\bin\verify.dll
0x0000000058a70000 - 0x0000000058a99000 	C:\Program Files\Java\jre1.8.0_121\bin\java.dll
0x0000000058750000 - 0x0000000058766000 	C:\Program Files\Java\jre1.8.0_121\bin\zip.dll
0x00000000586d0000 - 0x00000000586dd000 	C:\Program Files\Java\jre1.8.0_121\bin\management.dll
0x0000000058730000 - 0x000000005874a000 	C:\Program Files\Java\jre1.8.0_121\bin\net.dll
0x00007ffc78b40000 - 0x00007ffc78ba6000 	C:\WINDOWS\system32\mswsock.dll
0x0000000058710000 - 0x0000000058721000 	C:\Program Files\Java\jre1.8.0_121\bin\nio.dll
0x00007ffc70550000 - 0x00007ffc70566000 	C:\WINDOWS\system32\napinsp.dll
0x00007ffc70570000 - 0x00007ffc7058a000 	C:\WINDOWS\system32\pnrpnsp.dll
0x00007ffc75710000 - 0x00007ffc75729000 	C:\WINDOWS\system32\NLAapi.dll
0x00007ffc78900000 - 0x00007ffc789be000 	C:\WINDOWS\SYSTEM32\DNSAPI.dll
0x00007ffc7da90000 - 0x00007ffc7da98000 	C:\WINDOWS\System32\NSI.dll
0x00007ffc788c0000 - 0x00007ffc788f8000 	C:\WINDOWS\SYSTEM32\IPHLPAPI.DLL
0x00007ffc70590000 - 0x00007ffc7059e000 	C:\WINDOWS\System32\winrnr.dll
0x00007ffc75030000 - 0x00007ffc7503a000 	C:\Windows\System32\rasadhlp.dll
0x00007ffc73bd0000 - 0x00007ffc73c42000 	C:\WINDOWS\System32\fwpuclnt.dll
0x00007ffc79670000 - 0x00007ffc79695000 	C:\WINDOWS\SYSTEM32\bcrypt.dll
0x00007ffc78d50000 - 0x00007ffc78d67000 	C:\WINDOWS\SYSTEM32\CRYPTSP.dll
0x00007ffc78720000 - 0x00007ffc78753000 	C:\WINDOWS\system32\rsaenh.dll
0x00007ffc79d50000 - 0x00007ffc79d78000 	C:\WINDOWS\SYSTEM32\USERENV.dll
0x00007ffc78d70000 - 0x00007ffc78d7b000 	C:\WINDOWS\SYSTEM32\CRYPTBASE.dll
0x00007ffc73a10000 - 0x00007ffc73a26000 	C:\WINDOWS\SYSTEM32\dhcpcsvc6.DLL
0x00007ffc739f0000 - 0x00007ffc73a0a000 	C:\WINDOWS\SYSTEM32\dhcpcsvc.DLL
0x00000000586e0000 - 0x0000000058704000 	C:\Program Files\Java\jre1.8.0_121\bin\sunec.dll

VM Arguments:
jvm_args: -Dcom.sun.management.jmxremote -Dcom.sun.management.jmxremote.port=64643 -Dcom.sun.management.jmxremote.authenticate=false -Dcom.sun.management.jmxremote.ssl=false -Djava.rmi.server.hostname=localhost -Dspring.liveBeansView.mbeanDomain -Dspring.application.admin.enabled=true -Xverify:none -XX:TieredStopAtLevel=1 -Dfile.encoding=UTF-8 
java_command: com.capgemini.configurationserver.ConfigurationServerApplication --spring.output.ansi.enabled=always
java_class_path (initial): C:\Eureka\configuration-service\target\classes;C:\Users\tudeore\.m2\repository\org\springframework\cloud\spring-cloud-config-server\2.0.2.RELEASE\spring-cloud-config-server-2.0.2.RELEASE.jar;C:\Users\tudeore\.m2\repository\org\springframework\cloud\spring-cloud-config-client\2.0.2.RELEASE\spring-cloud-config-client-2.0.2.RELEASE.jar;C:\Users\tudeore\.m2\repository\org\springframework\boot\spring-boot-autoconfigure\2.0.5.RELEASE\spring-boot-autoconfigure-2.0.5.RELEASE.jar;C:\Users\tudeore\.m2\repository\org\springframework\cloud\spring-cloud-commons\2.0.2.RELEASE\spring-cloud-commons-2.0.2.RELEASE.jar;C:\Users\tudeore\.m2\repository\org\springframework\cloud\spring-cloud-context\2.0.2.RELEASE\spring-cloud-context-2.0.2.RELEASE.jar;C:\Users\tudeore\.m2\repository\org\springframework\spring-web\5.0.9.RELEASE\spring-web-5.0.9.RELEASE.jar;C:\Users\tudeore\.m2\repository\org\springframework\spring-beans\5.0.9.RELEASE\spring-beans-5.0.9.RELEASE.jar;C:\Users\tudeore\.m2\repository\com\fasterxml\jackson\core\jackson-annotations\2.9.0\jackson-annotations-2.9.0.jar;C:\Users\tudeore\.m2\repository\com\fasterxml\jackson\core\jackson-databind\2.9.6\jackson-databind-2.9.6.jar;C:\Users\tudeore\.m2\repository\com\fasterxml\jackson\core\jackson-core\2.9.6\jackson-core-2.9.6.jar;C:\Users\tudeore\.m2\repository\org\springframework\boot\spring-boot-starter-actuator\2.0.5.RELEASE\spring-boot-starter-actuator-2.0.5.RELEASE.jar;C:\Users\tudeore\.m2\repository\org\springframework\boot\spring-boot-actuator-autoconfigure\2.0.5.RELEASE\spring-boot-actuator-autoconfigure-2.0.5.RELEASE.jar;C:\Users\tudeore\.m2\repository\org\springframework\boot\spring-boot-actuator\2.0.5.RELEASE\spring-boot-actuator-2.0.5.RELEASE.jar;C:\Users\tudeore\.m2\repository\org\springframework\spring-context\5.0.9.RELEASE\spring-context-5.0.9.RELEASE.jar;C:\Users\tudeore\.m2\repository\com\fasterxml\jackson\datatype\jackson-datatype-jsr310\2.9.6\jackson-datatype-jsr310-2.9.6.jar;C:\Users\tud
Launcher Type: SUN_STANDARD

Environment Variables:
PATH=C:/Program Files/Java/jre1.8.0_121/bin/server;C:/Program Files/Java/jre1.8.0_121/bin;C:/Program Files/Java/jre1.8.0_121/lib/amd64;C:\Python34\;C:\Python34\Scripts;C:\oraclexe\app\oracle\product\11.2.0\server\bin;C:\ProgramData\Oracle\Java\javapath;C:\WINDOWS\system32;C:\WINDOWS;C:\WINDOWS\System32\Wbem;C:\WINDOWS\System32\WindowsPowerShell\v1.0\;C:\Program Files\TortoiseSVN\bin;C:\Program Files\nodejs\;C:\Program Files\Git\cmd;C:\Program Files (x86)\Microsoft SQL Server\110\Tools\Binn\ManagementStudio\;C:\Program Files (x86)\Microsoft SQL Server\110\Tools\Binn\;C:\Program Files (x86)\Microsoft SQL Server\110\DTS\Binn\;C:\Program Files\Citrix\System32\;C:\Program Files\Citrix\ICAService\;C:\WINDOWS\System32\OpenSSH\;C:\Users\tudeore\AppData\Local\Microsoft\WindowsApps;;C:\Users\tudeore\Desktop\sts-bundle\sts-3.9.7.RELEASE;
USERNAME=tudeore
OS=Windows_NT
PROCESSOR_IDENTIFIER=Intel64 Family 15 Model 6 Stepping 1, GenuineIntel



---------------  S Y S T E M  ---------------

OS: Windows 10.0 , 64 bit Build 17134 (10.0.17134.1)

CPU:total 4 (2 cores per cpu, 1 threads per core) family 15 model 6 stepping 1, cmov, cx8, fxsr, mmx, sse, sse2, sse3, ssse3, sse4.1, sse4.2, popcnt, avx, avx2, aes, clmul, erms, rtm, 3dnowpref, lzcnt, tsc, bmi1, bmi2, adx

Memory: 4k page, physical 8388056k(526708k free), swap 18697820k(5332k free)

vm_info: Java HotSpot(TM) 64-Bit Server VM (25.121-b13) for windows-amd64 JRE (1.8.0_121-b13), built on Dec 12 2016 18:21:36 by "java_re" with MS VC++ 10.0 (VS2010)

time: Wed Jan 23 14:18:28 2019
elapsed time: 7 seconds (0d 0h 0m 7s)

